2025-07-10 13:41:00 | INFO | Server running on port 5000
2025-07-10 13:42:03 | INFO | Server running on port 5000
2025-07-10 16:32:36 | INFO | Server running on port 5000
2025-07-10 16:32:37 | INFO | Server running on port 5000
2025-07-10 16:32:42 | INFO | Server running on port 5000
2025-07-10 16:32:47 | INFO | Server running on port 5000
2025-07-10 16:32:53 | INFO | Server running on port 5000
2025-07-10 16:33:28 | INFO | Server running on port 5000
2025-07-10 16:33:31 | INFO | Server running on port 5000
2025-07-10 16:33:34 | INFO | Server running on port 5000
2025-07-10 16:33:37 | INFO | Server running on port 5000
2025-07-10 16:35:01 | INFO | Server running on port 5000
2025-07-10 16:35:09 | INFO | Server running on port 5000
2025-07-10 16:35:21 | INFO | Server running on port 5000
2025-07-10 16:35:24 | INFO | Server running on port 5000
2025-07-10 16:35:31 | INFO | Server running on port 5000
2025-07-10 16:35:34 | INFO | Server running on port 5000
2025-07-10 16:35:41 | INFO | Server running on port 5000
2025-07-10 17:01:31 | INFO | Server running on port 5000
2025-07-10 18:34:00 | INFO | Server running on port 5000
2025-07-11 16:39:45 | INFO | Server running on port 5000
2025-07-12 10:33:45 | INFO | Server running on port 5000
2025-07-12 10:45:08 | INFO | Server running on port 5000
2025-07-12 10:45:11 | INFO | Server running on port 5000
2025-07-12 10:45:15 | INFO | Server running on port 5000
2025-07-12 10:46:12 | INFO | Server running on port 5000
2025-07-12 10:46:26 | INFO | Server running on port 5000
2025-07-12 10:46:53 | INFO | Server running on port 5000
2025-07-12 10:53:30 | INFO | Server running on port 5000
2025-07-12 10:53:34 | INFO | Server running on port 5000
2025-07-12 10:53:36 | INFO | Server running on port 5000
2025-07-12 10:53:38 | INFO | Server running on port 5000
2025-07-12 11:01:33 | INFO | Server running on port 5000
2025-07-12 11:02:00 | INFO | Server running on port 5000
2025-07-12 12:44:43 | INFO | Server running on port 5000
2025-07-12 12:44:53 | INFO | Server running on port 5000
2025-07-12 12:44:57 | INFO | Server running on port 5000
2025-07-12 12:45:02 | INFO | Server running on port 5000
2025-07-12 12:45:09 | INFO | Server running on port 5000
2025-07-12 12:46:18 | INFO | Server running on port 5000
2025-07-12 12:46:19 | INFO | Server running on port 5000
2025-07-12 12:46:23 | INFO | Server running on port 5000
2025-07-12 12:46:26 | INFO | Server running on port 5000
2025-07-12 12:46:40 | INFO | Server running on port 5000
2025-07-13 12:36:19 | INFO | Server running on port 5000
2025-07-13 15:30:40 | INFO | Server running on port 5000
2025-07-13 15:30:42 | INFO | Server running on port 5000
2025-07-13 16:19:34 | INFO | Server running on port 5000
2025-07-13 16:20:30 | INFO | Server running on port 5000
2025-07-13 16:33:17 | INFO | Server running on port 5000
2025-07-13 16:33:43 | INFO | Server running on port 5000
2025-07-13 16:35:37 | INFO | Server running on port 5000
2025-07-13 16:35:43 | INFO | Server running on port 5000
2025-07-13 18:39:32 | INFO | Server running on port 5000
2025-07-13 18:40:35 | INFO | Server running on port 5000
2025-07-13 19:05:17 | INFO | Server running on port 5000
2025-07-13 19:05:20 | INFO | Server running on port 5000
2025-07-13 19:05:21 | INFO | Server running on port 5000
2025-07-13 19:05:46 | INFO | Server running on port 5000
2025-07-13 19:07:23 | INFO | Server running on port 5000
2025-07-13 19:07:48 | INFO | Server running on port 5000
2025-07-13 19:07:52 | INFO | Server running on port 5000
2025-07-13 19:07:57 | INFO | Server running on port 5000
2025-07-13 19:08:05 | INFO | Server running on port 5000
2025-07-13 19:08:07 | INFO | Server running on port 5000
2025-07-13 19:08:16 | INFO | Server running on port 5000
2025-07-13 19:08:22 | INFO | Server running on port 5000
2025-07-13 19:08:38 | INFO | Server running on port 5000
2025-07-13 19:08:41 | INFO | Server running on port 5000
2025-07-13 19:08:44 | INFO | Server running on port 5000
2025-07-13 19:09:28 | INFO | Server running on port 5000
2025-07-13 19:09:31 | INFO | Server running on port 5000
2025-07-13 19:11:29 | INFO | Server running on port 5000
2025-07-13 19:12:27 | INFO | Server running on port 5000
2025-07-13 19:21:08 | INFO | Server running on port 5000
2025-07-13 19:21:09 | INFO | Server running on port 5000
2025-07-13 19:21:13 | INFO | Server running on port 5000
2025-07-13 19:21:20 | INFO | Server running on port 5000
2025-07-13 19:21:22 | INFO | Server running on port 5000
2025-07-13 19:23:15 | INFO | Server running on port 5000
2025-07-13 19:24:17 | INFO | Server running on port 5000
2025-07-13 19:24:21 | INFO | Server running on port 5000
2025-07-13 19:24:31 | INFO | Server running on port 5000
2025-07-13 19:24:42 | INFO | Server running on port 5000
2025-07-13 19:25:17 | INFO | Server running on port 5000
2025-07-13 19:26:33 | INFO | Server running on port 5000
2025-07-13 20:52:21 | INFO | Server running on port 5000
2025-07-13 20:52:29 | INFO | Server running on port 5000
2025-07-14 09:56:47 | INFO | Server running on port 5000
2025-07-14 10:19:10 | INFO | Server running on port 5000
2025-07-14 10:19:20 | INFO | Server running on port 5000
2025-07-14 10:20:26 | INFO | Server running on port 5000
2025-07-14 10:20:27 | INFO | Server running on port 5000
2025-07-14 10:20:33 | INFO | Server running on port 5000
2025-07-14 21:48:37 | INFO | Server running on port 5000
2025-07-14 22:05:01 | INFO | Server running on port 5000
2025-07-14 22:05:12 | INFO | Server running on port 5000
2025-07-14 22:05:20 | INFO | Server running on port 5000
2025-07-14 22:08:01 | INFO | Server running on port 5000
2025-07-14 22:08:34 | INFO | Server running on port 5000
2025-07-14 22:09:30 | INFO | Server running on port 5000
2025-07-14 22:09:41 | INFO | Server running on port 5000
2025-07-14 22:09:55 | INFO | Server running on port 5000
2025-07-14 22:18:01 | INFO | Server running on port 5000
2025-07-14 22:18:16 | INFO | Server running on port 5000
2025-07-14 22:18:22 | INFO | Server running on port 5000
2025-07-14 22:19:14 | INFO | Server running on port 5000
2025-07-14 22:30:42 | INFO | Server running on port 5000
2025-07-14 22:31:46 | INFO | Server running on port 5000
2025-07-14 22:31:56 | INFO | Server running on port 5000
2025-07-14 22:32:01 | INFO | Server running on port 5000
2025-07-14 22:32:07 | INFO | Server running on port 5000
2025-07-15 11:16:30 | INFO | Server running on port 5000
2025-07-15 15:03:30 | INFO | Server running on port 5000
2025-07-15 15:03:42 | INFO | Server running on port 5000
2025-07-15 15:03:52 | INFO | Server running on port 5000
2025-07-15 15:04:54 | INFO | Server running on port 5000
2025-07-15 15:04:59 | INFO | Server running on port 5000
2025-07-15 15:06:57 | INFO | Server running on port 5000
2025-07-15 16:23:35 | INFO | Server running on port 5000
2025-07-15 17:25:18 | INFO | Server running on port 5000
2025-07-15 17:25:55 | INFO | Server running on port 5000
2025-07-15 17:26:22 | INFO | Server running on port 5000
2025-07-15 17:26:26 | INFO | Server running on port 5000
2025-07-15 17:26:43 | INFO | Server running on port 5000
2025-07-15 17:26:55 | INFO | Server running on port 5000
2025-07-15 17:28:30 | INFO | Server running on port 5000
2025-07-15 17:28:33 | INFO | Server running on port 5000
2025-07-15 17:28:34 | INFO | Server running on port 5000
2025-07-15 17:28:37 | INFO | Server running on port 5000
2025-07-15 17:29:20 | INFO | Server running on port 5000
2025-07-15 17:29:24 | INFO | Server running on port 5000
2025-07-15 17:29:52 | INFO | Server running on port 5000
2025-07-15 17:34:30 | INFO | Server running on port 5000
2025-07-15 17:34:32 | INFO | Server running on port 5000
2025-07-15 17:34:36 | INFO | Server running on port 5000
2025-07-15 17:34:40 | INFO | Server running on port 5000
2025-07-15 17:34:52 | INFO | Server running on port 5000
2025-07-15 17:35:03 | INFO | Server running on port 5000
2025-07-15 17:40:59 | INFO | Server running on port 5000
2025-07-15 17:45:48 | INFO | Server running on port 5000
2025-07-15 17:45:52 | INFO | Server running on port 5000
2025-07-15 17:48:30 | INFO | Server running on port 5000
2025-07-15 17:49:08 | INFO | Server running on port 5000
2025-07-15 18:37:36 | INFO | Server running on port 5000
2025-07-15 21:22:55 | INFO | Server running on port 5000
2025-07-15 22:32:41 | INFO | Server running on port 5000
2025-07-15 22:32:54 | INFO | Server running on port 5000
2025-07-15 22:32:57 | INFO | Server running on port 5000
2025-07-15 22:33:03 | INFO | Server running on port 5000
2025-07-15 22:33:25 | INFO | Server running on port 5000
2025-07-15 22:35:06 | INFO | Server running on port 5000
2025-07-15 22:35:07 | INFO | Server running on port 5000
2025-07-15 22:35:12 | INFO | Server running on port 5000
2025-07-15 22:35:13 | INFO | Server running on port 5000
2025-07-15 22:36:47 | INFO | Server running on port 5000
2025-07-15 22:36:52 | INFO | Server running on port 5000
2025-07-15 22:37:05 | INFO | Server running on port 5000
2025-07-15 22:37:12 | INFO | Server running on port 5000
2025-07-15 22:37:16 | INFO | Server running on port 5000
2025-07-15 22:37:22 | INFO | Server running on port 5000
2025-07-15 22:37:25 | INFO | Server running on port 5000
2025-07-15 22:37:27 | INFO | Server running on port 5000
2025-07-15 22:37:29 | INFO | Server running on port 5000
2025-07-15 22:37:32 | INFO | Server running on port 5000
2025-07-15 22:37:34 | INFO | Server running on port 5000
2025-07-15 22:37:56 | INFO | Server running on port 5000
2025-07-15 22:38:15 | INFO | Server running on port 5000
2025-07-15 22:38:23 | INFO | Server running on port 5000
2025-07-15 22:38:28 | INFO | Server running on port 5000
2025-07-15 22:38:30 | INFO | Server running on port 5000
2025-07-15 22:38:42 | INFO | Server running on port 5000
2025-07-15 22:38:44 | INFO | Server running on port 5000
2025-07-15 22:38:47 | INFO | Server running on port 5000
2025-07-15 22:38:51 | INFO | Server running on port 5000
2025-07-15 22:38:52 | INFO | Server running on port 5000
2025-07-15 22:38:59 | INFO | Server running on port 5000
2025-07-15 22:39:02 | INFO | Server running on port 5000
2025-07-15 22:39:03 | INFO | Server running on port 5000
2025-07-15 22:39:07 | INFO | Server running on port 5000
2025-07-15 22:39:11 | INFO | Server running on port 5000
2025-07-15 22:39:35 | INFO | Server running on port 5000
2025-07-15 22:42:32 | INFO | Server running on port 5000
2025-07-15 22:42:36 | INFO | Server running on port 5000
2025-07-15 22:42:46 | INFO | Server running on port 5000
2025-07-15 22:42:49 | INFO | Server running on port 5000
2025-07-15 22:44:02 | INFO | Server running on port 5000
2025-07-15 23:02:29 | INFO | Server running on port 5000
2025-07-15 23:02:30 | INFO | Server running on port 5000
2025-07-15 23:02:45 | INFO | Server running on port 5000
2025-07-15 23:08:13 | INFO | Server running on port 5000
2025-07-15 23:25:18 | INFO | Server running on port 5000
2025-07-15 23:25:25 | INFO | Server running on port 5000
2025-07-15 23:26:45 | INFO | Server running on port 5000
2025-07-15 23:27:02 | INFO | Server running on port 5000
2025-07-15 23:27:15 | INFO | Server running on port 5000
2025-07-16 20:57:04 | INFO | Server running on port 5000
2025-07-16 22:12:22 | INFO | Server running on port 5000
2025-07-16 22:12:36 | INFO | Server running on port 5000
2025-07-16 22:12:43 | INFO | Server running on port 5000
2025-07-16 22:12:53 | INFO | Server running on port 5000
2025-07-16 22:13:29 | INFO | Server running on port 5000
2025-07-16 22:13:33 | INFO | Server running on port 5000
2025-07-16 22:13:41 | INFO | Server running on port 5000
2025-07-16 22:20:39 | INFO | Server running on port 5000
2025-07-16 22:20:45 | INFO | Server running on port 5000
2025-07-16 22:23:48 | INFO | Server running on port 5000
2025-07-16 22:24:17 | INFO | Server running on port 5000
2025-07-16 22:24:26 | INFO | Server running on port 5000
2025-07-16 22:24:31 | INFO | Server running on port 5000
2025-07-16 22:24:33 | INFO | Server running on port 5000
2025-07-16 22:27:02 | INFO | Server running on port 5000
2025-07-16 22:27:51 | INFO | Server running on port 5000
2025-07-16 22:33:34 | INFO | Server running on port 5000
2025-07-16 22:36:59 | INFO | Server running on port 5000
2025-07-16 22:38:15 | INFO | Server running on port 5000
2025-07-16 23:03:10 | INFO | Server running on port 5000
2025-07-16 23:03:17 | INFO | Server running on port 5000
2025-07-16 23:03:47 | INFO | Server running on port 5000
2025-07-16 23:03:49 | INFO | Server running on port 5000
2025-07-16 23:03:54 | INFO | Server running on port 5000
2025-07-16 23:04:11 | INFO | Server running on port 5000
2025-07-16 23:04:14 | INFO | Server running on port 5000
2025-07-16 23:04:26 | INFO | Server running on port 5000
2025-07-16 23:04:32 | INFO | Server running on port 5000
2025-07-16 23:05:07 | INFO | Server running on port 5000
2025-07-16 23:05:36 | INFO | Server running on port 5000
2025-07-16 23:06:44 | INFO | Server running on port 5000
2025-07-16 23:06:51 | INFO | Server running on port 5000
2025-07-16 23:06:56 | INFO | Server running on port 5000
2025-07-16 23:07:04 | INFO | Server running on port 5000
2025-07-16 23:07:10 | INFO | Server running on port 5000
2025-07-16 23:07:15 | INFO | Server running on port 5000
2025-07-16 23:16:04 | INFO | Server running on port 5000
2025-07-16 23:23:54 | INFO | Server running on port 5000
2025-07-16 23:23:56 | INFO | Server running on port 5000
2025-07-16 23:23:59 | INFO | Server running on port 5000
2025-07-16 23:24:04 | INFO | Server running on port 5000
2025-07-16 23:24:08 | INFO | Server running on port 5000
2025-07-16 23:24:16 | INFO | Server running on port 5000
2025-07-16 23:24:25 | INFO | Server running on port 5000
2025-07-16 23:24:29 | INFO | Server running on port 5000
2025-07-16 23:24:45 | INFO | Server running on port 5000
2025-07-16 23:24:50 | INFO | Server running on port 5000
2025-07-16 23:24:58 | INFO | Server running on port 5000
2025-07-16 23:25:06 | INFO | Server running on port 5000
2025-07-16 23:30:47 | INFO | Server running on port 5000
2025-07-16 23:31:03 | INFO | Server running on port 5000
2025-07-16 23:33:34 | INFO | Server running on port 5000
2025-07-16 23:33:40 | INFO | Server running on port 5000
2025-07-16 23:34:41 | INFO | Server running on port 5000
2025-07-16 23:34:42 | INFO | Server running on port 5000
2025-07-16 23:34:46 | INFO | Server running on port 5000
2025-07-16 23:34:51 | INFO | Server running on port 5000
2025-07-16 23:34:53 | INFO | Server running on port 5000
2025-07-16 23:34:55 | INFO | Server running on port 5000
2025-07-16 23:35:04 | INFO | Server running on port 5000
2025-07-21 10:46:18 | INFO | Server running on port 5000
2025-07-21 11:17:00 | INFO | Server running on port 5000
2025-07-23 17:55:15 | INFO | Server running on port 5000
2025-07-23 18:16:11 | INFO | Server running on port 5000
2025-07-23 18:16:17 | INFO | Server running on port 5000
2025-07-23 18:16:26 | INFO | Server running on port 5000
2025-07-23 18:20:19 | INFO | Server running on port 5000
2025-07-23 18:20:20 | INFO | Server running on port 5000
2025-07-23 18:20:49 | INFO | Server running on port 5000
2025-07-23 18:20:52 | INFO | Server running on port 5000
2025-07-23 18:21:11 | INFO | Server running on port 5000
2025-07-23 18:21:19 | INFO | Server running on port 5000
2025-07-23 18:21:26 | INFO | Server running on port 5000
2025-07-23 18:21:29 | INFO | Server running on port 5000
2025-07-23 18:21:35 | INFO | Server running on port 5000
2025-07-23 18:21:37 | INFO | Server running on port 5000
2025-07-23 18:21:46 | INFO | Server running on port 5000
2025-07-23 18:25:16 | INFO | Server running on port 5000
2025-07-23 18:25:19 | INFO | Server running on port 5000
2025-07-23 18:25:27 | INFO | Server running on port 5000
2025-07-23 18:25:34 | INFO | Server running on port 5000
2025-07-23 18:25:39 | INFO | Server running on port 5000
2025-07-23 18:25:42 | INFO | Server running on port 5000
2025-07-24 09:37:58 | INFO | Server running on port 5000
2025-07-24 10:34:01 | INFO | Server running on port 5000
2025-07-24 10:34:03 | INFO | Server running on port 5000
2025-07-24 10:34:04 | INFO | Server running on port 5000
2025-07-24 10:34:06 | INFO | Server running on port 5000
2025-07-24 10:34:10 | INFO | Server running on port 5000
2025-07-24 10:34:13 | INFO | Server running on port 5000
2025-07-24 10:34:20 | INFO | Server running on port 5000
2025-07-24 10:43:36 | INFO | Server running on port 5000
2025-07-24 10:45:04 | INFO | Server running on port 5000
2025-07-24 10:45:58 | INFO | Server running on port 5000
2025-07-24 10:47:46 | INFO | Server running on port 5000
2025-07-24 10:48:57 | INFO | Server running on port 5000
2025-07-24 10:51:09 | INFO | Server running on port 5000
2025-07-24 10:51:14 | INFO | Server running on port 5000
2025-07-24 10:51:46 | INFO | Server running on port 5000
2025-07-24 10:51:56 | INFO | Server running on port 5000
2025-07-24 10:52:01 | INFO | Server running on port 5000
2025-07-24 10:52:36 | INFO | Server running on port 5000
2025-07-24 10:52:38 | INFO | Server running on port 5000
2025-07-24 10:53:21 | INFO | Server running on port 5000
2025-07-24 10:53:23 | INFO | Server running on port 5000
2025-07-24 10:53:26 | INFO | Server running on port 5000
2025-07-24 10:54:17 | INFO | Server running on port 5000
2025-07-24 10:54:21 | INFO | Server running on port 5000
2025-07-24 10:55:06 | INFO | Server running on port 5000
2025-07-24 10:55:08 | INFO | Server running on port 5000
2025-07-24 10:56:13 | INFO | Server running on port 5000
2025-07-24 10:56:20 | INFO | Server running on port 5000
2025-07-24 10:56:38 | INFO | Server running on port 5000
2025-07-24 10:57:54 | INFO | Server running on port 5000
2025-07-24 11:05:05 | INFO | Server running on port 5000
2025-07-24 11:17:33 | INFO | Server running on port 5000
2025-07-24 11:19:15 | INFO | Server running on port 5000
2025-07-24 11:19:59 | INFO | Server running on port 5000
2025-07-24 11:27:23 | INFO | Server running on port 5000
2025-07-24 11:28:43 | INFO | Server running on port 5000
2025-07-24 11:29:08 | INFO | Server running on port 5000
2025-07-24 11:29:50 | INFO | Server running on port 5000
2025-07-24 11:29:53 | INFO | Server running on port 5000
2025-07-24 11:32:17 | INFO | Server running on port 5000
2025-07-24 11:32:31 | ERROR | TypeError: cb is not a function
    at Ping.onOperationComplete (C:\Users\Admin\Pictures\callback\node_modules\mysql\lib\Pool.js:110:5)
    at Ping.<anonymous> (C:\Users\Admin\Pictures\callback\node_modules\mysql\lib\Connection.js:526:10)
    at Ping._callback (C:\Users\Admin\Pictures\callback\node_modules\mysql\lib\Connection.js:488:16)
    at Sequence.end (C:\Users\Admin\Pictures\callback\node_modules\mysql\lib\protocol\sequences\Sequence.js:83:24)
    at Sequence.OkPacket (C:\Users\Admin\Pictures\callback\node_modules\mysql\lib\protocol\sequences\Sequence.js:92:8)
    at Protocol._parsePacket (C:\Users\Admin\Pictures\callback\node_modules\mysql\lib\protocol\Protocol.js:291:23)
    at Parser._parsePacket (C:\Users\Admin\Pictures\callback\node_modules\mysql\lib\protocol\Parser.js:433:10)
    at Parser.write (C:\Users\Admin\Pictures\callback\node_modules\mysql\lib\protocol\Parser.js:43:10)
    at Protocol.write (C:\Users\Admin\Pictures\callback\node_modules\mysql\lib\protocol\Protocol.js:38:16)
    at Socket.<anonymous> (C:\Users\Admin\Pictures\callback\node_modules\mysql\lib\Connection.js:88:28)
2025-07-24 11:34:47 | INFO | Server running on port 5000
2025-07-24 11:35:23 | INFO | Server running on port 5000
2025-07-24 11:35:33 | INFO | Server running on port 5000
2025-07-24 11:35:35 | INFO | Server running on port 5000
2025-07-24 11:35:36 | INFO | Server running on port 5000
2025-07-24 11:35:38 | INFO | Server running on port 5000
2025-07-24 12:16:48 | INFO | Server running on port 5000
2025-07-24 12:17:52 | INFO | Server running on port 5000
2025-07-24 12:20:42 | INFO | Server running on port 5000
2025-07-24 12:20:44 | INFO | Server running on port 5000
2025-07-24 12:20:47 | INFO | Server running on port 5000
2025-07-24 12:20:49 | INFO | Server running on port 5000
2025-07-24 12:28:52 | INFO | Server running on port 5000
2025-07-24 12:33:12 | INFO | Server running on port 5000
2025-07-24 12:33:21 | INFO | Server running on port 5000
2025-07-24 12:33:44 | INFO | Server running on port 5000
2025-07-24 12:37:44 | INFO | Server running on port 5000
2025-07-24 12:39:20 | INFO | Server running on port 5000
2025-07-24 12:40:03 | INFO | Server running on port 5000
2025-07-24 12:40:10 | INFO | Server running on port 5000
2025-07-24 12:43:57 | INFO | Server running on port 5000
2025-07-24 13:01:29 | INFO | Server running on port 5000
2025-07-24 13:01:46 | INFO | Server running on port 5000
2025-07-24 13:02:39 | INFO | Server running on port 5000
2025-07-24 13:41:09 | INFO | Server running on port 5000
2025-07-24 13:41:16 | INFO | Server running on port 5000
2025-07-24 13:41:19 | INFO | Server running on port 5000
2025-07-24 13:41:22 | INFO | Server running on port 5000
2025-07-24 13:41:30 | INFO | Server running on port 5000
2025-07-24 13:45:22 | INFO | Server running on port 5000
2025-07-24 15:24:01 | INFO | Server running on port 5000
2025-07-24 15:24:05 | INFO | Server running on port 5000
2025-07-24 15:24:12 | INFO | Server running on port 5000
2025-07-24 15:24:14 | INFO | Server running on port 5000
2025-07-24 15:24:32 | INFO | Server running on port 5000
2025-07-24 15:24:46 | INFO | Server running on port 5000
2025-07-24 15:50:56 | INFO | Server running on port 5000
2025-07-24 15:51:00 | INFO | Server running on port 5000
2025-07-24 15:51:05 | INFO | Server running on port 5000
2025-07-24 15:51:06 | INFO | Server running on port 5000
2025-07-24 15:51:12 | INFO | Server running on port 5000
2025-07-24 15:51:16 | INFO | Server running on port 5000
2025-07-24 15:51:24 | INFO | Server running on port 5000
2025-07-24 15:51:26 | INFO | Server running on port 5000
2025-07-24 15:51:34 | INFO | Server running on port 5000
2025-07-24 15:51:36 | INFO | Server running on port 5000
2025-07-24 15:51:42 | INFO | Server running on port 5000
2025-07-24 15:51:49 | INFO | Server running on port 5000
2025-07-24 15:51:50 | INFO | Server running on port 5000
2025-07-24 16:11:46 | INFO | Server running on port 5000
2025-07-24 16:11:57 | INFO | Server running on port 5000
2025-07-24 16:12:02 | INFO | Server running on port 5000
2025-07-24 16:12:03 | INFO | Server running on port 5000
2025-07-24 16:12:10 | INFO | Server running on port 5000
2025-07-24 16:12:13 | INFO | Server running on port 5000
2025-07-24 16:12:15 | INFO | Server running on port 5000
2025-07-24 16:12:17 | INFO | Server running on port 5000
2025-07-24 16:12:18 | INFO | Server running on port 5000
2025-07-24 16:12:20 | INFO | Server running on port 5000
2025-07-24 16:13:30 | INFO | Server running on port 5000
2025-07-24 16:13:38 | INFO | Server running on port 5000
2025-07-24 16:13:40 | INFO | Server running on port 5000
2025-07-24 16:13:58 | INFO | Server running on port 5000
2025-07-24 16:14:07 | INFO | Server running on port 5000
2025-07-24 16:14:12 | INFO | Server running on port 5000
2025-07-24 16:14:19 | INFO | Server running on port 5000
2025-07-24 16:20:19 | INFO | Server running on port 5000
2025-07-24 16:22:49 | INFO | Server running on port 5000
2025-07-24 16:22:52 | INFO | Server running on port 5000
2025-07-24 16:23:51 | INFO | Server running on port 5000
2025-07-24 16:24:13 | INFO | Server running on port 5000
2025-07-24 16:24:15 | INFO | Server running on port 5000
2025-07-24 16:25:41 | INFO | Server running on port 5000
2025-07-24 16:26:09 | INFO | Server running on port 5000
2025-07-24 16:27:16 | INFO | Server running on port 5000
2025-07-24 16:27:21 | INFO | Server running on port 5000
2025-07-24 16:27:23 | INFO | Server running on port 5000
2025-07-24 16:28:22 | INFO | Server running on port 5000
2025-07-24 16:28:33 | ERROR | TypeError: cb is not a function
    at Ping.onOperationComplete (C:\Users\Admin\Pictures\callback\node_modules\mysql\lib\Pool.js:110:5)
    at Ping.<anonymous> (C:\Users\Admin\Pictures\callback\node_modules\mysql\lib\Connection.js:526:10)
    at Ping._callback (C:\Users\Admin\Pictures\callback\node_modules\mysql\lib\Connection.js:488:16)
    at Sequence.end (C:\Users\Admin\Pictures\callback\node_modules\mysql\lib\protocol\sequences\Sequence.js:83:24)
    at Sequence.OkPacket (C:\Users\Admin\Pictures\callback\node_modules\mysql\lib\protocol\sequences\Sequence.js:92:8)
    at Protocol._parsePacket (C:\Users\Admin\Pictures\callback\node_modules\mysql\lib\protocol\Protocol.js:291:23)
    at Parser._parsePacket (C:\Users\Admin\Pictures\callback\node_modules\mysql\lib\protocol\Parser.js:433:10)
    at Parser.write (C:\Users\Admin\Pictures\callback\node_modules\mysql\lib\protocol\Parser.js:43:10)
    at Protocol.write (C:\Users\Admin\Pictures\callback\node_modules\mysql\lib\protocol\Protocol.js:38:16)
    at Socket.<anonymous> (C:\Users\Admin\Pictures\callback\node_modules\mysql\lib\Connection.js:88:28)
2025-07-24 16:29:14 | INFO | Server running on port 5000
2025-07-24 16:30:00 | INFO | Server running on port 5000
2025-07-24 16:30:14 | ERROR | TypeError: cb is not a function
    at Ping.onOperationComplete (C:\Users\Admin\Pictures\callback\node_modules\mysql\lib\Pool.js:110:5)
    at Ping.<anonymous> (C:\Users\Admin\Pictures\callback\node_modules\mysql\lib\Connection.js:526:10)
    at Ping._callback (C:\Users\Admin\Pictures\callback\node_modules\mysql\lib\Connection.js:488:16)
    at Sequence.end (C:\Users\Admin\Pictures\callback\node_modules\mysql\lib\protocol\sequences\Sequence.js:83:24)
    at Sequence.OkPacket (C:\Users\Admin\Pictures\callback\node_modules\mysql\lib\protocol\sequences\Sequence.js:92:8)
    at Protocol._parsePacket (C:\Users\Admin\Pictures\callback\node_modules\mysql\lib\protocol\Protocol.js:291:23)
    at Parser._parsePacket (C:\Users\Admin\Pictures\callback\node_modules\mysql\lib\protocol\Parser.js:433:10)
    at Parser.write (C:\Users\Admin\Pictures\callback\node_modules\mysql\lib\protocol\Parser.js:43:10)
    at Protocol.write (C:\Users\Admin\Pictures\callback\node_modules\mysql\lib\protocol\Protocol.js:38:16)
    at Socket.<anonymous> (C:\Users\Admin\Pictures\callback\node_modules\mysql\lib\Connection.js:88:28)
2025-07-24 16:31:58 | INFO | Server running on port 5000
2025-07-24 16:34:15 | INFO | Server running on port 5000
2025-07-24 16:34:25 | INFO | Server running on port 5000
2025-07-24 16:35:28 | INFO | Server running on port 5000
2025-07-24 16:35:30 | INFO | Server running on port 5000
2025-07-24 16:35:54 | INFO | Server running on port 5000
2025-07-24 16:36:01 | INFO | Server running on port 5000
2025-07-24 16:36:03 | INFO | Server running on port 5000
2025-07-24 16:36:19 | ERROR | TypeError: cb is not a function
    at Ping.onOperationComplete (C:\Users\Admin\Pictures\callback\node_modules\mysql\lib\Pool.js:110:5)
    at Ping.<anonymous> (C:\Users\Admin\Pictures\callback\node_modules\mysql\lib\Connection.js:526:10)
    at Ping._callback (C:\Users\Admin\Pictures\callback\node_modules\mysql\lib\Connection.js:488:16)
    at Sequence.end (C:\Users\Admin\Pictures\callback\node_modules\mysql\lib\protocol\sequences\Sequence.js:83:24)
    at Sequence.OkPacket (C:\Users\Admin\Pictures\callback\node_modules\mysql\lib\protocol\sequences\Sequence.js:92:8)
    at Protocol._parsePacket (C:\Users\Admin\Pictures\callback\node_modules\mysql\lib\protocol\Protocol.js:291:23)
    at Parser._parsePacket (C:\Users\Admin\Pictures\callback\node_modules\mysql\lib\protocol\Parser.js:433:10)
    at Parser.write (C:\Users\Admin\Pictures\callback\node_modules\mysql\lib\protocol\Parser.js:43:10)
    at Protocol.write (C:\Users\Admin\Pictures\callback\node_modules\mysql\lib\protocol\Protocol.js:38:16)
    at Socket.<anonymous> (C:\Users\Admin\Pictures\callback\node_modules\mysql\lib\Connection.js:88:28)
2025-07-24 16:37:58 | INFO | Server running on port 5000
2025-07-24 16:38:35 | ERROR | TypeError: callback is not a function
    at Query.<anonymous> (C:\Users\Admin\Pictures\callback\models\bookingModel.js:344:16)
    at Query.<anonymous> (C:\Users\Admin\Pictures\callback\node_modules\mysql\lib\Connection.js:526:10)
    at Query._callback (C:\Users\Admin\Pictures\callback\node_modules\mysql\lib\Connection.js:488:16)
    at Sequence.end (C:\Users\Admin\Pictures\callback\node_modules\mysql\lib\protocol\sequences\Sequence.js:83:24)
    at Query._handleFinalResultPacket (C:\Users\Admin\Pictures\callback\node_modules\mysql\lib\protocol\sequences\Query.js:149:8)
    at Query.EofPacket (C:\Users\Admin\Pictures\callback\node_modules\mysql\lib\protocol\sequences\Query.js:133:8)
    at Protocol._parsePacket (C:\Users\Admin\Pictures\callback\node_modules\mysql\lib\protocol\Protocol.js:291:23)
    at Parser._parsePacket (C:\Users\Admin\Pictures\callback\node_modules\mysql\lib\protocol\Parser.js:433:10)
    at Parser.write (C:\Users\Admin\Pictures\callback\node_modules\mysql\lib\protocol\Parser.js:43:10)
    at Protocol.write (C:\Users\Admin\Pictures\callback\node_modules\mysql\lib\protocol\Protocol.js:38:16)
2025-07-24 16:38:46 | INFO | Server running on port 5000
2025-07-24 16:38:52 | ERROR | TypeError: callback is not a function
    at Query.<anonymous> (C:\Users\Admin\Pictures\callback\models\bookingModel.js:344:16)
    at Query.<anonymous> (C:\Users\Admin\Pictures\callback\node_modules\mysql\lib\Connection.js:526:10)
    at Query._callback (C:\Users\Admin\Pictures\callback\node_modules\mysql\lib\Connection.js:488:16)
    at Sequence.end (C:\Users\Admin\Pictures\callback\node_modules\mysql\lib\protocol\sequences\Sequence.js:83:24)
    at Query._handleFinalResultPacket (C:\Users\Admin\Pictures\callback\node_modules\mysql\lib\protocol\sequences\Query.js:149:8)
    at Query.EofPacket (C:\Users\Admin\Pictures\callback\node_modules\mysql\lib\protocol\sequences\Query.js:133:8)
    at Protocol._parsePacket (C:\Users\Admin\Pictures\callback\node_modules\mysql\lib\protocol\Protocol.js:291:23)
    at Parser._parsePacket (C:\Users\Admin\Pictures\callback\node_modules\mysql\lib\protocol\Parser.js:433:10)
    at Parser.write (C:\Users\Admin\Pictures\callback\node_modules\mysql\lib\protocol\Parser.js:43:10)
    at Protocol.write (C:\Users\Admin\Pictures\callback\node_modules\mysql\lib\protocol\Protocol.js:38:16)
2025-07-24 16:40:40 | INFO | Server running on port 5000
2025-07-24 16:40:42 | INFO | Server running on port 5000
2025-07-24 16:40:45 | INFO | Server running on port 5000
2025-07-24 16:41:02 | INFO | Server running on port 5000
2025-07-24 16:41:04 | INFO | Server running on port 5000
2025-07-24 16:41:09 | INFO | Server running on port 5000
2025-07-24 16:41:10 | INFO | Server running on port 5000
2025-07-24 16:42:12 | INFO | Server running on port 5000
2025-07-24 16:42:18 | INFO | Server running on port 5000
2025-07-24 16:42:33 | INFO | Server running on port 5000
2025-07-24 16:43:04 | INFO | Server running on port 5000
2025-07-24 16:43:37 | INFO | Server running on port 5000
2025-07-24 16:46:29 | INFO | Server running on port 5000
2025-07-24 16:51:45 | INFO | Server running on port 5000
2025-07-24 16:53:26 | INFO | Server running on port 5000
2025-07-24 16:53:28 | INFO | Server running on port 5000
2025-07-24 16:53:32 | INFO | Server running on port 5000
2025-07-24 16:56:00 | INFO | Server running on port 5000
2025-07-24 16:56:03 | INFO | Server running on port 5000
2025-07-24 16:56:06 | INFO | Server running on port 5000
2025-07-24 16:56:08 | INFO | Server running on port 5000
2025-07-24 16:56:12 | INFO | Server running on port 5000
2025-07-24 16:56:21 | INFO | Server running on port 5000
2025-07-24 18:01:37 | INFO | Server running on port 5000
2025-07-24 18:03:11 | INFO | Server running on port 5000
2025-07-24 18:07:34 | INFO | Server running on port 5000
2025-07-24 18:07:42 | INFO | Server running on port 5000
2025-07-24 18:07:56 | INFO | Server running on port 5000
2025-07-24 18:10:16 | INFO | Server running on port 5000
2025-07-24 18:10:51 | INFO | Server running on port 5000
2025-07-24 18:11:05 | INFO | Server running on port 5000
2025-07-24 18:11:06 | INFO | Server running on port 5000
2025-07-24 18:12:05 | INFO | Server running on port 5000
2025-07-24 18:12:06 | INFO | Server running on port 5000
2025-07-24 18:12:11 | INFO | Server running on port 5000
2025-07-24 18:12:54 | ERROR | TypeError: cb is not a function
    at Ping.onOperationComplete (C:\Users\Admin\Pictures\callback\node_modules\mysql\lib\Pool.js:110:5)
    at Ping.<anonymous> (C:\Users\Admin\Pictures\callback\node_modules\mysql\lib\Connection.js:526:10)
    at Ping._callback (C:\Users\Admin\Pictures\callback\node_modules\mysql\lib\Connection.js:488:16)
    at Sequence.end (C:\Users\Admin\Pictures\callback\node_modules\mysql\lib\protocol\sequences\Sequence.js:83:24)
    at Sequence.OkPacket (C:\Users\Admin\Pictures\callback\node_modules\mysql\lib\protocol\sequences\Sequence.js:92:8)
    at Protocol._parsePacket (C:\Users\Admin\Pictures\callback\node_modules\mysql\lib\protocol\Protocol.js:291:23)
    at Parser._parsePacket (C:\Users\Admin\Pictures\callback\node_modules\mysql\lib\protocol\Parser.js:433:10)
    at Parser.write (C:\Users\Admin\Pictures\callback\node_modules\mysql\lib\protocol\Parser.js:43:10)
    at Protocol.write (C:\Users\Admin\Pictures\callback\node_modules\mysql\lib\protocol\Protocol.js:38:16)
    at Socket.<anonymous> (C:\Users\Admin\Pictures\callback\node_modules\mysql\lib\Connection.js:88:28)
2025-07-24 18:16:06 | INFO | Server running on port 5000
2025-07-24 18:16:12 | ERROR | TypeError: cb is not a function
    at Ping.onOperationComplete (C:\Users\Admin\Pictures\callback\node_modules\mysql\lib\Pool.js:110:5)
    at Ping.<anonymous> (C:\Users\Admin\Pictures\callback\node_modules\mysql\lib\Connection.js:526:10)
    at Ping._callback (C:\Users\Admin\Pictures\callback\node_modules\mysql\lib\Connection.js:488:16)
    at Sequence.end (C:\Users\Admin\Pictures\callback\node_modules\mysql\lib\protocol\sequences\Sequence.js:83:24)
    at Sequence.OkPacket (C:\Users\Admin\Pictures\callback\node_modules\mysql\lib\protocol\sequences\Sequence.js:92:8)
    at Protocol._parsePacket (C:\Users\Admin\Pictures\callback\node_modules\mysql\lib\protocol\Protocol.js:291:23)
    at Parser._parsePacket (C:\Users\Admin\Pictures\callback\node_modules\mysql\lib\protocol\Parser.js:433:10)
    at Parser.write (C:\Users\Admin\Pictures\callback\node_modules\mysql\lib\protocol\Parser.js:43:10)
    at Protocol.write (C:\Users\Admin\Pictures\callback\node_modules\mysql\lib\protocol\Protocol.js:38:16)
    at Socket.<anonymous> (C:\Users\Admin\Pictures\callback\node_modules\mysql\lib\Connection.js:88:28)
2025-07-24 18:16:27 | INFO | Server running on port 5000
2025-07-24 18:20:04 | ERROR | TypeError: cb is not a function
    at Ping.onOperationComplete (C:\Users\Admin\Pictures\callback\node_modules\mysql\lib\Pool.js:110:5)
    at Ping.<anonymous> (C:\Users\Admin\Pictures\callback\node_modules\mysql\lib\Connection.js:526:10)
    at Ping._callback (C:\Users\Admin\Pictures\callback\node_modules\mysql\lib\Connection.js:488:16)
    at Sequence.end (C:\Users\Admin\Pictures\callback\node_modules\mysql\lib\protocol\sequences\Sequence.js:83:24)
    at Sequence.OkPacket (C:\Users\Admin\Pictures\callback\node_modules\mysql\lib\protocol\sequences\Sequence.js:92:8)
    at Protocol._parsePacket (C:\Users\Admin\Pictures\callback\node_modules\mysql\lib\protocol\Protocol.js:291:23)
    at Parser._parsePacket (C:\Users\Admin\Pictures\callback\node_modules\mysql\lib\protocol\Parser.js:433:10)
    at Parser.write (C:\Users\Admin\Pictures\callback\node_modules\mysql\lib\protocol\Parser.js:43:10)
    at Protocol.write (C:\Users\Admin\Pictures\callback\node_modules\mysql\lib\protocol\Protocol.js:38:16)
    at Socket.<anonymous> (C:\Users\Admin\Pictures\callback\node_modules\mysql\lib\Connection.js:88:28)
2025-07-24 18:26:28 | INFO | Server running on port 5000
2025-07-24 18:26:49 | ERROR | TypeError: cb is not a function
    at Ping.onOperationComplete (C:\Users\Admin\Pictures\callback\node_modules\mysql\lib\Pool.js:110:5)
    at Ping.<anonymous> (C:\Users\Admin\Pictures\callback\node_modules\mysql\lib\Connection.js:526:10)
    at Ping._callback (C:\Users\Admin\Pictures\callback\node_modules\mysql\lib\Connection.js:488:16)
    at Sequence.end (C:\Users\Admin\Pictures\callback\node_modules\mysql\lib\protocol\sequences\Sequence.js:83:24)
    at Sequence.OkPacket (C:\Users\Admin\Pictures\callback\node_modules\mysql\lib\protocol\sequences\Sequence.js:92:8)
    at Protocol._parsePacket (C:\Users\Admin\Pictures\callback\node_modules\mysql\lib\protocol\Protocol.js:291:23)
    at Parser._parsePacket (C:\Users\Admin\Pictures\callback\node_modules\mysql\lib\protocol\Parser.js:433:10)
    at Parser.write (C:\Users\Admin\Pictures\callback\node_modules\mysql\lib\protocol\Parser.js:43:10)
    at Protocol.write (C:\Users\Admin\Pictures\callback\node_modules\mysql\lib\protocol\Protocol.js:38:16)
    at Socket.<anonymous> (C:\Users\Admin\Pictures\callback\node_modules\mysql\lib\Connection.js:88:28)
2025-07-24 18:28:01 | INFO | Server running on port 5000
2025-07-24 18:28:11 | INFO | Server running on port 5000
2025-07-24 18:28:21 | INFO | Server running on port 5000
2025-07-24 18:29:14 | INFO | Server running on port 5000
2025-07-24 18:31:02 | INFO | Server running on port 5000
2025-07-24 18:31:05 | INFO | Server running on port 5000
2025-07-24 18:31:07 | INFO | Server running on port 5000
2025-07-24 18:31:49 | INFO | Server running on port 5000
2025-07-24 18:31:54 | ERROR | TypeError: callback is not a function
    at Query.<anonymous> (C:\Users\Admin\Pictures\callback\models\bookingModel.js:543:7)
    at Query.<anonymous> (C:\Users\Admin\Pictures\callback\node_modules\mysql\lib\Connection.js:526:10)
    at Query._callback (C:\Users\Admin\Pictures\callback\node_modules\mysql\lib\Connection.js:488:16)
    at Sequence.end (C:\Users\Admin\Pictures\callback\node_modules\mysql\lib\protocol\sequences\Sequence.js:83:24)
    at Query._handleFinalResultPacket (C:\Users\Admin\Pictures\callback\node_modules\mysql\lib\protocol\sequences\Query.js:149:8)
    at Query.OkPacket (C:\Users\Admin\Pictures\callback\node_modules\mysql\lib\protocol\sequences\Query.js:74:10)
    at Protocol._parsePacket (C:\Users\Admin\Pictures\callback\node_modules\mysql\lib\protocol\Protocol.js:291:23)
    at Parser._parsePacket (C:\Users\Admin\Pictures\callback\node_modules\mysql\lib\protocol\Parser.js:433:10)
    at Parser.write (C:\Users\Admin\Pictures\callback\node_modules\mysql\lib\protocol\Parser.js:43:10)
    at Protocol.write (C:\Users\Admin\Pictures\callback\node_modules\mysql\lib\protocol\Protocol.js:38:16)
2025-07-24 18:34:47 | INFO | Server running on port 5000
2025-07-24 18:34:54 | ERROR | TypeError: callback is not a function
    at Query.<anonymous> (C:\Users\Admin\Pictures\callback\models\bookingModel.js:543:7)
    at Query.<anonymous> (C:\Users\Admin\Pictures\callback\node_modules\mysql\lib\Connection.js:526:10)
    at Query._callback (C:\Users\Admin\Pictures\callback\node_modules\mysql\lib\Connection.js:488:16)
    at Sequence.end (C:\Users\Admin\Pictures\callback\node_modules\mysql\lib\protocol\sequences\Sequence.js:83:24)
    at Query._handleFinalResultPacket (C:\Users\Admin\Pictures\callback\node_modules\mysql\lib\protocol\sequences\Query.js:149:8)
    at Query.OkPacket (C:\Users\Admin\Pictures\callback\node_modules\mysql\lib\protocol\sequences\Query.js:74:10)
    at Protocol._parsePacket (C:\Users\Admin\Pictures\callback\node_modules\mysql\lib\protocol\Protocol.js:291:23)
    at Parser._parsePacket (C:\Users\Admin\Pictures\callback\node_modules\mysql\lib\protocol\Parser.js:433:10)
    at Parser.write (C:\Users\Admin\Pictures\callback\node_modules\mysql\lib\protocol\Parser.js:43:10)
    at Protocol.write (C:\Users\Admin\Pictures\callback\node_modules\mysql\lib\protocol\Protocol.js:38:16)
