2025-07-24 11:32:31 | ERROR | TypeError: cb is not a function
    at Ping.onOperationComplete (C:\Users\Admin\Pictures\callback\node_modules\mysql\lib\Pool.js:110:5)
    at Ping.<anonymous> (C:\Users\Admin\Pictures\callback\node_modules\mysql\lib\Connection.js:526:10)
    at Ping._callback (C:\Users\Admin\Pictures\callback\node_modules\mysql\lib\Connection.js:488:16)
    at Sequence.end (C:\Users\Admin\Pictures\callback\node_modules\mysql\lib\protocol\sequences\Sequence.js:83:24)
    at Sequence.OkPacket (C:\Users\Admin\Pictures\callback\node_modules\mysql\lib\protocol\sequences\Sequence.js:92:8)
    at Protocol._parsePacket (C:\Users\Admin\Pictures\callback\node_modules\mysql\lib\protocol\Protocol.js:291:23)
    at Parser._parsePacket (C:\Users\Admin\Pictures\callback\node_modules\mysql\lib\protocol\Parser.js:433:10)
    at Parser.write (C:\Users\Admin\Pictures\callback\node_modules\mysql\lib\protocol\Parser.js:43:10)
    at Protocol.write (C:\Users\Admin\Pictures\callback\node_modules\mysql\lib\protocol\Protocol.js:38:16)
    at Socket.<anonymous> (C:\Users\Admin\Pictures\callback\node_modules\mysql\lib\Connection.js:88:28)
2025-07-24 16:28:33 | ERROR | TypeError: cb is not a function
    at Ping.onOperationComplete (C:\Users\Admin\Pictures\callback\node_modules\mysql\lib\Pool.js:110:5)
    at Ping.<anonymous> (C:\Users\Admin\Pictures\callback\node_modules\mysql\lib\Connection.js:526:10)
    at Ping._callback (C:\Users\Admin\Pictures\callback\node_modules\mysql\lib\Connection.js:488:16)
    at Sequence.end (C:\Users\Admin\Pictures\callback\node_modules\mysql\lib\protocol\sequences\Sequence.js:83:24)
    at Sequence.OkPacket (C:\Users\Admin\Pictures\callback\node_modules\mysql\lib\protocol\sequences\Sequence.js:92:8)
    at Protocol._parsePacket (C:\Users\Admin\Pictures\callback\node_modules\mysql\lib\protocol\Protocol.js:291:23)
    at Parser._parsePacket (C:\Users\Admin\Pictures\callback\node_modules\mysql\lib\protocol\Parser.js:433:10)
    at Parser.write (C:\Users\Admin\Pictures\callback\node_modules\mysql\lib\protocol\Parser.js:43:10)
    at Protocol.write (C:\Users\Admin\Pictures\callback\node_modules\mysql\lib\protocol\Protocol.js:38:16)
    at Socket.<anonymous> (C:\Users\Admin\Pictures\callback\node_modules\mysql\lib\Connection.js:88:28)
2025-07-24 16:30:14 | ERROR | TypeError: cb is not a function
    at Ping.onOperationComplete (C:\Users\Admin\Pictures\callback\node_modules\mysql\lib\Pool.js:110:5)
    at Ping.<anonymous> (C:\Users\Admin\Pictures\callback\node_modules\mysql\lib\Connection.js:526:10)
    at Ping._callback (C:\Users\Admin\Pictures\callback\node_modules\mysql\lib\Connection.js:488:16)
    at Sequence.end (C:\Users\Admin\Pictures\callback\node_modules\mysql\lib\protocol\sequences\Sequence.js:83:24)
    at Sequence.OkPacket (C:\Users\Admin\Pictures\callback\node_modules\mysql\lib\protocol\sequences\Sequence.js:92:8)
    at Protocol._parsePacket (C:\Users\Admin\Pictures\callback\node_modules\mysql\lib\protocol\Protocol.js:291:23)
    at Parser._parsePacket (C:\Users\Admin\Pictures\callback\node_modules\mysql\lib\protocol\Parser.js:433:10)
    at Parser.write (C:\Users\Admin\Pictures\callback\node_modules\mysql\lib\protocol\Parser.js:43:10)
    at Protocol.write (C:\Users\Admin\Pictures\callback\node_modules\mysql\lib\protocol\Protocol.js:38:16)
    at Socket.<anonymous> (C:\Users\Admin\Pictures\callback\node_modules\mysql\lib\Connection.js:88:28)
2025-07-24 16:36:19 | ERROR | TypeError: cb is not a function
    at Ping.onOperationComplete (C:\Users\Admin\Pictures\callback\node_modules\mysql\lib\Pool.js:110:5)
    at Ping.<anonymous> (C:\Users\Admin\Pictures\callback\node_modules\mysql\lib\Connection.js:526:10)
    at Ping._callback (C:\Users\Admin\Pictures\callback\node_modules\mysql\lib\Connection.js:488:16)
    at Sequence.end (C:\Users\Admin\Pictures\callback\node_modules\mysql\lib\protocol\sequences\Sequence.js:83:24)
    at Sequence.OkPacket (C:\Users\Admin\Pictures\callback\node_modules\mysql\lib\protocol\sequences\Sequence.js:92:8)
    at Protocol._parsePacket (C:\Users\Admin\Pictures\callback\node_modules\mysql\lib\protocol\Protocol.js:291:23)
    at Parser._parsePacket (C:\Users\Admin\Pictures\callback\node_modules\mysql\lib\protocol\Parser.js:433:10)
    at Parser.write (C:\Users\Admin\Pictures\callback\node_modules\mysql\lib\protocol\Parser.js:43:10)
    at Protocol.write (C:\Users\Admin\Pictures\callback\node_modules\mysql\lib\protocol\Protocol.js:38:16)
    at Socket.<anonymous> (C:\Users\Admin\Pictures\callback\node_modules\mysql\lib\Connection.js:88:28)
2025-07-24 16:38:35 | ERROR | TypeError: callback is not a function
    at Query.<anonymous> (C:\Users\Admin\Pictures\callback\models\bookingModel.js:344:16)
    at Query.<anonymous> (C:\Users\Admin\Pictures\callback\node_modules\mysql\lib\Connection.js:526:10)
    at Query._callback (C:\Users\Admin\Pictures\callback\node_modules\mysql\lib\Connection.js:488:16)
    at Sequence.end (C:\Users\Admin\Pictures\callback\node_modules\mysql\lib\protocol\sequences\Sequence.js:83:24)
    at Query._handleFinalResultPacket (C:\Users\Admin\Pictures\callback\node_modules\mysql\lib\protocol\sequences\Query.js:149:8)
    at Query.EofPacket (C:\Users\Admin\Pictures\callback\node_modules\mysql\lib\protocol\sequences\Query.js:133:8)
    at Protocol._parsePacket (C:\Users\Admin\Pictures\callback\node_modules\mysql\lib\protocol\Protocol.js:291:23)
    at Parser._parsePacket (C:\Users\Admin\Pictures\callback\node_modules\mysql\lib\protocol\Parser.js:433:10)
    at Parser.write (C:\Users\Admin\Pictures\callback\node_modules\mysql\lib\protocol\Parser.js:43:10)
    at Protocol.write (C:\Users\Admin\Pictures\callback\node_modules\mysql\lib\protocol\Protocol.js:38:16)
2025-07-24 16:38:52 | ERROR | TypeError: callback is not a function
    at Query.<anonymous> (C:\Users\Admin\Pictures\callback\models\bookingModel.js:344:16)
    at Query.<anonymous> (C:\Users\Admin\Pictures\callback\node_modules\mysql\lib\Connection.js:526:10)
    at Query._callback (C:\Users\Admin\Pictures\callback\node_modules\mysql\lib\Connection.js:488:16)
    at Sequence.end (C:\Users\Admin\Pictures\callback\node_modules\mysql\lib\protocol\sequences\Sequence.js:83:24)
    at Query._handleFinalResultPacket (C:\Users\Admin\Pictures\callback\node_modules\mysql\lib\protocol\sequences\Query.js:149:8)
    at Query.EofPacket (C:\Users\Admin\Pictures\callback\node_modules\mysql\lib\protocol\sequences\Query.js:133:8)
    at Protocol._parsePacket (C:\Users\Admin\Pictures\callback\node_modules\mysql\lib\protocol\Protocol.js:291:23)
    at Parser._parsePacket (C:\Users\Admin\Pictures\callback\node_modules\mysql\lib\protocol\Parser.js:433:10)
    at Parser.write (C:\Users\Admin\Pictures\callback\node_modules\mysql\lib\protocol\Parser.js:43:10)
    at Protocol.write (C:\Users\Admin\Pictures\callback\node_modules\mysql\lib\protocol\Protocol.js:38:16)
2025-07-24 18:12:54 | ERROR | TypeError: cb is not a function
    at Ping.onOperationComplete (C:\Users\Admin\Pictures\callback\node_modules\mysql\lib\Pool.js:110:5)
    at Ping.<anonymous> (C:\Users\Admin\Pictures\callback\node_modules\mysql\lib\Connection.js:526:10)
    at Ping._callback (C:\Users\Admin\Pictures\callback\node_modules\mysql\lib\Connection.js:488:16)
    at Sequence.end (C:\Users\Admin\Pictures\callback\node_modules\mysql\lib\protocol\sequences\Sequence.js:83:24)
    at Sequence.OkPacket (C:\Users\Admin\Pictures\callback\node_modules\mysql\lib\protocol\sequences\Sequence.js:92:8)
    at Protocol._parsePacket (C:\Users\Admin\Pictures\callback\node_modules\mysql\lib\protocol\Protocol.js:291:23)
    at Parser._parsePacket (C:\Users\Admin\Pictures\callback\node_modules\mysql\lib\protocol\Parser.js:433:10)
    at Parser.write (C:\Users\Admin\Pictures\callback\node_modules\mysql\lib\protocol\Parser.js:43:10)
    at Protocol.write (C:\Users\Admin\Pictures\callback\node_modules\mysql\lib\protocol\Protocol.js:38:16)
    at Socket.<anonymous> (C:\Users\Admin\Pictures\callback\node_modules\mysql\lib\Connection.js:88:28)
2025-07-24 18:16:12 | ERROR | TypeError: cb is not a function
    at Ping.onOperationComplete (C:\Users\Admin\Pictures\callback\node_modules\mysql\lib\Pool.js:110:5)
    at Ping.<anonymous> (C:\Users\Admin\Pictures\callback\node_modules\mysql\lib\Connection.js:526:10)
    at Ping._callback (C:\Users\Admin\Pictures\callback\node_modules\mysql\lib\Connection.js:488:16)
    at Sequence.end (C:\Users\Admin\Pictures\callback\node_modules\mysql\lib\protocol\sequences\Sequence.js:83:24)
    at Sequence.OkPacket (C:\Users\Admin\Pictures\callback\node_modules\mysql\lib\protocol\sequences\Sequence.js:92:8)
    at Protocol._parsePacket (C:\Users\Admin\Pictures\callback\node_modules\mysql\lib\protocol\Protocol.js:291:23)
    at Parser._parsePacket (C:\Users\Admin\Pictures\callback\node_modules\mysql\lib\protocol\Parser.js:433:10)
    at Parser.write (C:\Users\Admin\Pictures\callback\node_modules\mysql\lib\protocol\Parser.js:43:10)
    at Protocol.write (C:\Users\Admin\Pictures\callback\node_modules\mysql\lib\protocol\Protocol.js:38:16)
    at Socket.<anonymous> (C:\Users\Admin\Pictures\callback\node_modules\mysql\lib\Connection.js:88:28)
2025-07-24 18:20:04 | ERROR | TypeError: cb is not a function
    at Ping.onOperationComplete (C:\Users\Admin\Pictures\callback\node_modules\mysql\lib\Pool.js:110:5)
    at Ping.<anonymous> (C:\Users\Admin\Pictures\callback\node_modules\mysql\lib\Connection.js:526:10)
    at Ping._callback (C:\Users\Admin\Pictures\callback\node_modules\mysql\lib\Connection.js:488:16)
    at Sequence.end (C:\Users\Admin\Pictures\callback\node_modules\mysql\lib\protocol\sequences\Sequence.js:83:24)
    at Sequence.OkPacket (C:\Users\Admin\Pictures\callback\node_modules\mysql\lib\protocol\sequences\Sequence.js:92:8)
    at Protocol._parsePacket (C:\Users\Admin\Pictures\callback\node_modules\mysql\lib\protocol\Protocol.js:291:23)
    at Parser._parsePacket (C:\Users\Admin\Pictures\callback\node_modules\mysql\lib\protocol\Parser.js:433:10)
    at Parser.write (C:\Users\Admin\Pictures\callback\node_modules\mysql\lib\protocol\Parser.js:43:10)
    at Protocol.write (C:\Users\Admin\Pictures\callback\node_modules\mysql\lib\protocol\Protocol.js:38:16)
    at Socket.<anonymous> (C:\Users\Admin\Pictures\callback\node_modules\mysql\lib\Connection.js:88:28)
2025-07-24 18:26:49 | ERROR | TypeError: cb is not a function
    at Ping.onOperationComplete (C:\Users\Admin\Pictures\callback\node_modules\mysql\lib\Pool.js:110:5)
    at Ping.<anonymous> (C:\Users\Admin\Pictures\callback\node_modules\mysql\lib\Connection.js:526:10)
    at Ping._callback (C:\Users\Admin\Pictures\callback\node_modules\mysql\lib\Connection.js:488:16)
    at Sequence.end (C:\Users\Admin\Pictures\callback\node_modules\mysql\lib\protocol\sequences\Sequence.js:83:24)
    at Sequence.OkPacket (C:\Users\Admin\Pictures\callback\node_modules\mysql\lib\protocol\sequences\Sequence.js:92:8)
    at Protocol._parsePacket (C:\Users\Admin\Pictures\callback\node_modules\mysql\lib\protocol\Protocol.js:291:23)
    at Parser._parsePacket (C:\Users\Admin\Pictures\callback\node_modules\mysql\lib\protocol\Parser.js:433:10)
    at Parser.write (C:\Users\Admin\Pictures\callback\node_modules\mysql\lib\protocol\Parser.js:43:10)
    at Protocol.write (C:\Users\Admin\Pictures\callback\node_modules\mysql\lib\protocol\Protocol.js:38:16)
    at Socket.<anonymous> (C:\Users\Admin\Pictures\callback\node_modules\mysql\lib\Connection.js:88:28)
2025-07-24 18:31:54 | ERROR | TypeError: callback is not a function
    at Query.<anonymous> (C:\Users\Admin\Pictures\callback\models\bookingModel.js:543:7)
    at Query.<anonymous> (C:\Users\Admin\Pictures\callback\node_modules\mysql\lib\Connection.js:526:10)
    at Query._callback (C:\Users\Admin\Pictures\callback\node_modules\mysql\lib\Connection.js:488:16)
    at Sequence.end (C:\Users\Admin\Pictures\callback\node_modules\mysql\lib\protocol\sequences\Sequence.js:83:24)
    at Query._handleFinalResultPacket (C:\Users\Admin\Pictures\callback\node_modules\mysql\lib\protocol\sequences\Query.js:149:8)
    at Query.OkPacket (C:\Users\Admin\Pictures\callback\node_modules\mysql\lib\protocol\sequences\Query.js:74:10)
    at Protocol._parsePacket (C:\Users\Admin\Pictures\callback\node_modules\mysql\lib\protocol\Protocol.js:291:23)
    at Parser._parsePacket (C:\Users\Admin\Pictures\callback\node_modules\mysql\lib\protocol\Parser.js:433:10)
    at Parser.write (C:\Users\Admin\Pictures\callback\node_modules\mysql\lib\protocol\Parser.js:43:10)
    at Protocol.write (C:\Users\Admin\Pictures\callback\node_modules\mysql\lib\protocol\Protocol.js:38:16)
2025-07-24 18:34:54 | ERROR | TypeError: callback is not a function
    at Query.<anonymous> (C:\Users\Admin\Pictures\callback\models\bookingModel.js:543:7)
    at Query.<anonymous> (C:\Users\Admin\Pictures\callback\node_modules\mysql\lib\Connection.js:526:10)
    at Query._callback (C:\Users\Admin\Pictures\callback\node_modules\mysql\lib\Connection.js:488:16)
    at Sequence.end (C:\Users\Admin\Pictures\callback\node_modules\mysql\lib\protocol\sequences\Sequence.js:83:24)
    at Query._handleFinalResultPacket (C:\Users\Admin\Pictures\callback\node_modules\mysql\lib\protocol\sequences\Query.js:149:8)
    at Query.OkPacket (C:\Users\Admin\Pictures\callback\node_modules\mysql\lib\protocol\sequences\Query.js:74:10)
    at Protocol._parsePacket (C:\Users\Admin\Pictures\callback\node_modules\mysql\lib\protocol\Protocol.js:291:23)
    at Parser._parsePacket (C:\Users\Admin\Pictures\callback\node_modules\mysql\lib\protocol\Parser.js:433:10)
    at Parser.write (C:\Users\Admin\Pictures\callback\node_modules\mysql\lib\protocol\Parser.js:43:10)
    at Protocol.write (C:\Users\Admin\Pictures\callback\node_modules\mysql\lib\protocol\Protocol.js:38:16)
2025-07-24 21:19:12 | ERROR | TypeError: callback is not a function
    at Query.<anonymous> (D:\React\callback\models\bookingModel.js:543:7)
    at Query.<anonymous> (D:\React\callback\node_modules\mysql\lib\Connection.js:526:10)
    at Query._callback (D:\React\callback\node_modules\mysql\lib\Connection.js:488:16)
    at Sequence.end (D:\React\callback\node_modules\mysql\lib\protocol\sequences\Sequence.js:83:24)
    at Query._handleFinalResultPacket (D:\React\callback\node_modules\mysql\lib\protocol\sequences\Query.js:149:8)
    at Query.OkPacket (D:\React\callback\node_modules\mysql\lib\protocol\sequences\Query.js:74:10)
    at Protocol._parsePacket (D:\React\callback\node_modules\mysql\lib\protocol\Protocol.js:291:23)
    at Parser._parsePacket (D:\React\callback\node_modules\mysql\lib\protocol\Parser.js:433:10)
    at Parser.write (D:\React\callback\node_modules\mysql\lib\protocol\Parser.js:43:10)
    at Protocol.write (D:\React\callback\node_modules\mysql\lib\protocol\Protocol.js:38:16)
